Unity Editor version:    2021.3.15f1 (e8e88683f834)
Branch:                  2021.3/staging
Build type:              Release
Batch mode:              YES
macOS version:           Version 12.6 (Build 21G115)
Darwin version:          21.6.0
Architecture:            x86_64
Running under Rosetta:   NO
Available memory:        32768 MB
Using pre-set license
Pro License: YES

COMMAND LINE ARGUMENTS:
/Applications/Unity/Hub/Editor/2021.3.15f1/Unity.app/Contents/MacOS/Unity
-adb2
-batchMode
-noUpm
-name
AssetImportWorker1
-projectPath
/Users/dbabichenko/Desktop/Class examples/dnid/Unity/Platformer
-logFile
Logs/AssetImportWorker1.log
-srvPort
49571
Successfully changed project path to: /Users/dbabichenko/Desktop/Class examples/dnid/Unity/Platformer
/Users/dbabichenko/Desktop/Class examples/dnid/Unity/Platformer
[UnityMemory] Configuration Parameters - Can be set up in boot.config
    "memorysetup-bucket-allocator-granularity=16"
    "memorysetup-bucket-allocator-bucket-count=8"
    "memorysetup-bucket-allocator-block-size=33554432"
    "memorysetup-bucket-allocator-block-count=8"
    "memorysetup-main-allocator-block-size=16777216"
    "memorysetup-thread-allocator-block-size=16777216"
    "memorysetup-gfx-main-allocator-block-size=16777216"
    "memorysetup-gfx-thread-allocator-block-size=16777216"
    "memorysetup-cache-allocator-block-size=4194304"
    "memorysetup-typetree-allocator-block-size=2097152"
    "memorysetup-profiler-bucket-allocator-granularity=16"
    "memorysetup-profiler-bucket-allocator-bucket-count=8"
    "memorysetup-profiler-bucket-allocator-block-size=33554432"
    "memorysetup-profiler-bucket-allocator-block-count=8"
    "memorysetup-profiler-allocator-block-size=16777216"
    "memorysetup-profiler-editor-allocator-block-size=1048576"
    "memorysetup-temp-allocator-size-main=16777216"
    "memorysetup-job-temp-allocator-block-size=2097152"
    "memorysetup-job-temp-allocator-block-size-background=1048576"
    "memorysetup-job-temp-allocator-reduction-small-platforms=262144"
    "memorysetup-temp-allocator-size-background-worker=32768"
    "memorysetup-temp-allocator-size-job-worker=262144"
    "memorysetup-temp-allocator-size-preload-manager=33554432"
    "memorysetup-temp-allocator-size-nav-mesh-worker=65536"
    "memorysetup-temp-allocator-size-audio-worker=65536"
    "memorysetup-temp-allocator-size-cloud-worker=32768"
    "memorysetup-temp-allocator-size-gi-baking-worker=262144"
    "memorysetup-temp-allocator-size-gfx=262144"
Player connection [4749280768] Host "[IP] 10.4.11.162 [Port] 0 [Flags] 2 [Guid] 556548579 [EditorId] 556548579 [Version] 1048832 [Id] OSXEditor(0,Dmitriys-MacBook-Pro.local) [Debug] 1 [PackageName] OSXEditor [ProjectName] Editor" joined multi-casting on [225.0.0.222:54997]...

Player connection [4749280768] Host "[IP] 10.4.11.162 [Port] 0 [Flags] 2 [Guid] 556548579 [EditorId] 556548579 [Version] 1048832 [Id] OSXEditor(0,Dmitriys-MacBook-Pro.local) [Debug] 1 [PackageName] OSXEditor [ProjectName] Editor" joined alternative multi-casting on [225.0.0.222:34997]...

Refreshing native plugins compatible for Editor in 125.68 ms, found 3 plugins.
Preloading 0 native plugins for Editor in 0.00 ms.
Initialize engine version: 2021.3.15f1 (e8e88683f834)
[Subsystems] Discovering subsystems at path /Applications/Unity/Hub/Editor/2021.3.15f1/Unity.app/Contents/Resources/UnitySubsystems
[Subsystems] Discovering subsystems at path /Users/dbabichenko/Desktop/Class examples/dnid/Unity/Platformer/Assets
GfxDevice: creating device client; threaded=0; jobified=0
ExtronScalerD preferred device: AMD Radeon Pro 5500M (high power)
Metal devices available: 2
0: AMD Radeon Pro 5500M (high power)
1: Intel(R) UHD Graphics 630 (low power)
Using device AMD Radeon Pro 5500M (high power)
Initializing Metal device caps: AMD Radeon Pro 5500M
Initialize mono
Mono path[0] = '/Applications/Unity/Hub/Editor/2021.3.15f1/Unity.app/Contents/Managed'
Mono path[1] = '/Applications/Unity/Hub/Editor/2021.3.15f1/Unity.app/Contents/MonoBleedingEdge/lib/mono/unityjit-macos'
Mono config path = '/Applications/Unity/Hub/Editor/2021.3.15f1/Unity.app/Contents/MonoBleedingEdge/etc'
Using monoOptions --debugger-agent=transport=dt_socket,embedding=1,server=y,suspend=n,address=127.0.0.1:56371
Begin MonoManager ReloadAssembly
Registering precompiled unity dll's ...
Register platform support module: /Applications/Unity/Hub/Editor/2021.3.15f1/PlaybackEngines/WebGLSupport/UnityEditor.WebGL.Extensions.dll
Register platform support module: /Applications/Unity/Hub/Editor/2021.3.15f1/Unity.app/Contents/PlaybackEngines/MacStandaloneSupport/UnityEditor.OSXStandalone.Extensions.dll
Register platform support module: /Applications/Unity/Hub/Editor/2021.3.15f1/PlaybackEngines/AndroidPlayer/UnityEditor.Android.Extensions.dll
Register platform support module: /Applications/Unity/Hub/Editor/2021.3.15f1/PlaybackEngines/iOSSupport/UnityEditor.iOS.Extensions.dll
Registered in 0.002140 seconds.
[usbmuxd] Start listen thread
[usbmuxd] Listen thread started
[usbmuxd] Send listen message
Native extension for iOS target not found
Native extension for Android target not found
Native extension for OSXStandalone target not found
Native extension for WebGL target not found
Refreshing native plugins compatible for Editor in 124.60 ms, found 3 plugins.
Preloading 0 native plugins for Editor in 0.00 ms.
Mono: successfully reloaded assembly
- Completed reload, in  0.987 seconds
Domain Reload Profiling:
	ReloadAssembly (988ms)
		BeginReloadAssembly (77ms)
			ExecutionOrderSort (0ms)
			DisableScriptedObjects (0ms)
			BackupInstance (0ms)
			ReleaseScriptingObjects (0ms)
			CreateAndSetChildDomain (1ms)
		EndReloadAssembly (741ms)
			LoadAssemblies (76ms)
			RebuildTransferFunctionScriptingTraits (0ms)
			SetupTypeCache (181ms)
			ReleaseScriptCaches (0ms)
			RebuildScriptCaches (45ms)
			SetupLoadedEditorAssemblies (446ms)
				LogAssemblyErrors (0ms)
				InitializePlatformSupportModulesInManaged (117ms)
				SetLoadedEditorAssemblies (0ms)
				RefreshPlugins (125ms)
				BeforeProcessingInitializeOnLoad (1ms)
				ProcessInitializeOnLoadAttributes (141ms)
				ProcessInitializeOnLoadMethodAttributes (61ms)
				AfterProcessingInitializeOnLoad (0ms)
				EditorAssembliesLoaded (0ms)
			ExecutionOrderSort2 (0ms)
			AwakeInstancesAfterBackupRestoration (0ms)
Platform modules already initialized, skipping
Registering precompiled user dll's ...
Registered in 0.005307 seconds.
Begin MonoManager ReloadAssembly
Symbol file LoadedFromMemory doesn't match image /Users/dbabichenko/Desktop/Class examples/dnid/Unity/Platformer/Library/PackageCache/com.unity.visualscripting@1.7.8/Editor/VisualScripting.Core/Dependencies/YamlDotNet/Unity.VisualScripting.YamlDotNet.dll
Symbol file LoadedFromMemory doesn't match image /Users/dbabichenko/Desktop/Class examples/dnid/Unity/Platformer/Library/PackageCache/com.unity.visualscripting@1.7.8/Editor/VisualScripting.Core/Dependencies/DotNetZip/Unity.VisualScripting.IonicZip.dll
Native extension for iOS target not found
Native extension for Android target not found
Native extension for OSXStandalone target not found
Native extension for WebGL target not found
Refreshing native plugins compatible for Editor in 118.76 ms, found 3 plugins.
Preloading 0 native plugins for Editor in 0.00 ms.
Mono: successfully reloaded assembly
- Completed reload, in  1.993 seconds
Domain Reload Profiling:
	ReloadAssembly (1994ms)
		BeginReloadAssembly (255ms)
			ExecutionOrderSort (0ms)
			DisableScriptedObjects (8ms)
			BackupInstance (0ms)
			ReleaseScriptingObjects (0ms)
			CreateAndSetChildDomain (149ms)
		EndReloadAssembly (1570ms)
			LoadAssemblies (84ms)
			RebuildTransferFunctionScriptingTraits (0ms)
			SetupTypeCache (398ms)
			ReleaseScriptCaches (5ms)
			RebuildScriptCaches (89ms)
			SetupLoadedEditorAssemblies (913ms)
				LogAssemblyErrors (0ms)
				InitializePlatformSupportModulesInManaged (37ms)
				SetLoadedEditorAssemblies (0ms)
				RefreshPlugins (119ms)
				BeforeProcessingInitializeOnLoad (119ms)
				ProcessInitializeOnLoadAttributes (583ms)
				ProcessInitializeOnLoadMethodAttributes (52ms)
				AfterProcessingInitializeOnLoad (1ms)
				EditorAssembliesLoaded (0ms)
			ExecutionOrderSort2 (0ms)
			AwakeInstancesAfterBackupRestoration (5ms)
Platform modules already initialized, skipping
========================================================================
Worker process is ready to serve import requests
Launching external process: /Applications/Unity/Hub/Editor/2021.3.15f1/Unity.app/Contents/Tools/UnityShaderCompiler
Launched and connected shader compiler UnityShaderCompiler after 0.08 seconds
Refreshing native plugins compatible for Editor in 1.41 ms, found 3 plugins.
Preloading 0 native plugins for Editor in 0.00 ms.
Unloading 4045 Unused Serialized files (Serialized files now loaded: 0)
Unloading 44 unused Assets / (201.8 KB). Loaded Objects now: 4497.
Memory consumption went from 270.1 MB to 269.9 MB.
Total: 5.211014 ms (FindLiveObjects: 0.308978 ms CreateObjectMapping: 0.282215 ms MarkObjects: 4.390244 ms  DeleteObjects: 0.228636 ms)

AssetImportParameters requested are different than current active one (requested -> active):
  custom:video-decoder-ogg-theora: a1e56fd34408186e4bbccfd4996cb3dc -> 
  custom:container-muxer-webm: aa71ff27fc2769a1b78a27578f13a17b -> 
  custom:container-demuxer-webm: 4f35f7cbe854078d1ac9338744f61a02 -> 
  custom:video-encoder-webm-vp8: eb34c28f22e8b96e1ab97ce403110664 -> 
  custom:framework-osx-AVFoundation: e770b220cccbd017edd2c1fefb359320 -> 
  custom:audio-encoder-webm-vorbis: bf7c407c2cedff20999df2af8eb42d56 -> 
  custom:container-demuxer-ogg: 62fdf1f143b41e24485cea50d1cbac27 -> 
  custom:video-decoder-webm-vp8: 9c59270c3fd7afecdb556c50c9e8de78 -> 
  custom:audio-decoder-ogg-vorbis: bf7c407c2cedff20999df2af8eb42d56 -> 
========================================================================
Received Prepare
Registering precompiled user dll's ...
Registered in 0.002865 seconds.
Begin MonoManager ReloadAssembly
Symbol file LoadedFromMemory doesn't match image /Users/dbabichenko/Desktop/Class examples/dnid/Unity/Platformer/Library/PackageCache/com.unity.visualscripting@1.7.8/Editor/VisualScripting.Core/Dependencies/YamlDotNet/Unity.VisualScripting.YamlDotNet.dll
Symbol file LoadedFromMemory doesn't match image /Users/dbabichenko/Desktop/Class examples/dnid/Unity/Platformer/Library/PackageCache/com.unity.visualscripting@1.7.8/Editor/VisualScripting.Core/Dependencies/DotNetZip/Unity.VisualScripting.IonicZip.dll
Native extension for iOS target not found
Native extension for Android target not found
Native extension for OSXStandalone target not found
Native extension for WebGL target not found
Refreshing native plugins compatible for Editor in 0.72 ms, found 3 plugins.
Preloading 0 native plugins for Editor in 0.00 ms.
Mono: successfully reloaded assembly
- Completed reload, in  1.569 seconds
Domain Reload Profiling:
	ReloadAssembly (1570ms)
		BeginReloadAssembly (152ms)
			ExecutionOrderSort (0ms)
			DisableScriptedObjects (9ms)
			BackupInstance (0ms)
			ReleaseScriptingObjects (0ms)
			CreateAndSetChildDomain (73ms)
		EndReloadAssembly (1290ms)
			LoadAssemblies (67ms)
			RebuildTransferFunctionScriptingTraits (0ms)
			SetupTypeCache (383ms)
			ReleaseScriptCaches (1ms)
			RebuildScriptCaches (66ms)
			SetupLoadedEditorAssemblies (684ms)
				LogAssemblyErrors (0ms)
				InitializePlatformSupportModulesInManaged (39ms)
				SetLoadedEditorAssemblies (1ms)
				RefreshPlugins (1ms)
				BeforeProcessingInitializeOnLoad (78ms)
				ProcessInitializeOnLoadAttributes (517ms)
				ProcessInitializeOnLoadMethodAttributes (47ms)
				AfterProcessingInitializeOnLoad (1ms)
				EditorAssembliesLoaded (0ms)
			ExecutionOrderSort2 (0ms)
			AwakeInstancesAfterBackupRestoration (7ms)
Platform modules already initialized, skipping
Refreshing native plugins compatible for Editor in 1.63 ms, found 3 plugins.
Preloading 0 native plugins for Editor in 0.00 ms.
Unloading 4040 Unused Serialized files (Serialized files now loaded: 0)
Unloading 31 unused Assets / (178.6 KB). Loaded Objects now: 4500.
Memory consumption went from 270.0 MB to 269.9 MB.
Total: 4.618644 ms (FindLiveObjects: 0.323756 ms CreateObjectMapping: 0.236450 ms MarkObjects: 3.907554 ms  DeleteObjects: 0.149819 ms)

AssetImportParameters requested are different than current active one (requested -> active):
  custom:video-decoder-ogg-theora: a1e56fd34408186e4bbccfd4996cb3dc -> 
  custom:container-muxer-webm: aa71ff27fc2769a1b78a27578f13a17b -> 
  custom:container-demuxer-webm: 4f35f7cbe854078d1ac9338744f61a02 -> 
  custom:video-encoder-webm-vp8: eb34c28f22e8b96e1ab97ce403110664 -> 
  custom:framework-osx-AVFoundation: e770b220cccbd017edd2c1fefb359320 -> 
  custom:audio-encoder-webm-vorbis: bf7c407c2cedff20999df2af8eb42d56 -> 
  custom:container-demuxer-ogg: 62fdf1f143b41e24485cea50d1cbac27 -> 
  custom:video-decoder-webm-vp8: 9c59270c3fd7afecdb556c50c9e8de78 -> 
  custom:audio-decoder-ogg-vorbis: bf7c407c2cedff20999df2af8eb42d56 -> 
========================================================================
Received Import Request.
  Time since last request: 1045699.405199 seconds.
  path: Assets/2D Eddy/Assets/Sprites/Eddy/Idle/Eddy_IDLE_0003.png
  artifactKey: Guid(06a6e0fedd8778f4bab2c7266c67652d) Importer(815301076,1909f56bfc062723c751e8b465ee728b)
Start importing Assets/2D Eddy/Assets/Sprites/Eddy/Idle/Eddy_IDLE_0003.png using Guid(06a6e0fedd8778f4bab2c7266c67652d) Importer(815301076,1909f56bfc062723c751e8b465ee728b)  -> (artifact id: '9ff00fcc8ecd0678130f621407e17ec1') in 1.337985 seconds 
========================================================================
Received Import Request.
  Time since last request: 0.000107 seconds.
  path: Assets/2D Eddy/Assets/Sprites/Eddy/Idle/Eddy_IDLE_0017.png
  artifactKey: Guid(d1df07d55fe0e744f88147e700970721) Importer(815301076,1909f56bfc062723c751e8b465ee728b)
Start importing Assets/2D Eddy/Assets/Sprites/Eddy/Idle/Eddy_IDLE_0017.png using Guid(d1df07d55fe0e744f88147e700970721) Importer(815301076,1909f56bfc062723c751e8b465ee728b)  -> (artifact id: '995f7117e6ba2f5d9d057851ef71f26d') in 0.040621 seconds 
========================================================================
Received Import Request.
  Time since last request: 0.000088 seconds.
  path: Assets/2D Eddy/Assets/Sprites/Eddy/Idle/Eddy_IDLE_0015.png
  artifactKey: Guid(43fdf7560a630a44288f4cc99c39a2eb) Importer(815301076,1909f56bfc062723c751e8b465ee728b)
Start importing Assets/2D Eddy/Assets/Sprites/Eddy/Idle/Eddy_IDLE_0015.png using Guid(43fdf7560a630a44288f4cc99c39a2eb) Importer(815301076,1909f56bfc062723c751e8b465ee728b)  -> (artifact id: '6fc799184336199193a81abc0d792ba3') in 0.045849 seconds 
========================================================================
Received Import Request.
  Time since last request: 0.000065 seconds.
  path: Assets/2D Eddy/Assets/Sprites/Eddy/Idle/Eddy_IDLE_0029.png
  artifactKey: Guid(171e25b22e9ff15438cca2dc88d57121) Importer(815301076,1909f56bfc062723c751e8b465ee728b)
Start importing Assets/2D Eddy/Assets/Sprites/Eddy/Idle/Eddy_IDLE_0029.png using Guid(171e25b22e9ff15438cca2dc88d57121) Importer(815301076,1909f56bfc062723c751e8b465ee728b)  -> (artifact id: '539a15e61da41693f161395848d54095') in 0.040871 seconds 
========================================================================
Received Import Request.
  Time since last request: 0.000089 seconds.
  path: Assets/2D Eddy/Assets/Sprites/Eddy/Idle/Eddy_IDLE_0027.png
  artifactKey: Guid(d129ac1bc158860448631e77da03186d) Importer(815301076,1909f56bfc062723c751e8b465ee728b)
Start importing Assets/2D Eddy/Assets/Sprites/Eddy/Idle/Eddy_IDLE_0027.png using Guid(d129ac1bc158860448631e77da03186d) Importer(815301076,1909f56bfc062723c751e8b465ee728b)  -> (artifact id: 'e0061dfe61552fa66bcb6a0431315d7b') in 0.044290 seconds 
========================================================================
Received Import Request.
  Time since last request: 0.000127 seconds.
  path: Assets/2D Eddy/Assets/Sprites/Eddy/Idle/Eddy_IDLE_0011.png
  artifactKey: Guid(e78a3b83b8dee3d478b7cb562665a70f) Importer(815301076,1909f56bfc062723c751e8b465ee728b)
Start importing Assets/2D Eddy/Assets/Sprites/Eddy/Idle/Eddy_IDLE_0011.png using Guid(e78a3b83b8dee3d478b7cb562665a70f) Importer(815301076,1909f56bfc062723c751e8b465ee728b)  -> (artifact id: '0ea771082544be021d10228ca5f1f1ce') in 0.045119 seconds 
========================================================================
Received Import Request.
  Time since last request: 0.000103 seconds.
  path: Assets/2D Eddy/Assets/Sprites/Eddy/Idle/Eddy_IDLE_0013.png
  artifactKey: Guid(277ec00267f85af4797b83ddf6462b3c) Importer(815301076,1909f56bfc062723c751e8b465ee728b)
Start importing Assets/2D Eddy/Assets/Sprites/Eddy/Idle/Eddy_IDLE_0013.png using Guid(277ec00267f85af4797b83ddf6462b3c) Importer(815301076,1909f56bfc062723c751e8b465ee728b)  -> (artifact id: '6d427178e6f3aea2f8ffd42bcc50801e') in 0.043994 seconds 
========================================================================
Received Import Request.
  Time since last request: 0.000113 seconds.
  path: Assets/2D Eddy/Assets/Sprites/Eddy/Idle/Eddy_IDLE_0021.png
  artifactKey: Guid(59792052408e49647a03146cbd524964) Importer(815301076,1909f56bfc062723c751e8b465ee728b)
Start importing Assets/2D Eddy/Assets/Sprites/Eddy/Idle/Eddy_IDLE_0021.png using Guid(59792052408e49647a03146cbd524964) Importer(815301076,1909f56bfc062723c751e8b465ee728b)  -> (artifact id: '049a6bad1129db6eb059f6ecdb0201dd') in 0.041395 seconds 
Editor requested this worker to shutdown with reason: Scaling down because of idle timeout
AssetImportWorker is now disconnected from the server
Process exiting
